<?xml version="1.0" encoding="UTF-8"?>
<!-- Generated by org.testng.reporters.JUnitReportReporter -->
<testsuite hostname="LAPTOP-411M4QLS" failures="0" tests="1" name="com.acti.driver.DriverManager" time="4.909" errors="0" timestamp="2023-04-16T02:05:26 EDT" skipped="0">
  <testcase classname="com.acti.driver.DriverManager" name="initApplication" time="4.909"/>
  <system-out/>
</testsuite> <!-- com.acti.driver.DriverManager -->
