<?xml version="1.0" encoding="UTF-8"?>
<!-- Generated by org.testng.reporters.JUnitReportReporter -->
<testsuite hostname="LAPTOP-411M4QLS" failures="0" tests="2" name="com.acti.testcase.LoginPageTest" time="20.884" errors="0" timestamp="2023-04-24T23:49:29 EDT" skipped="0">
  <testcase classname="com.acti.testcase.LoginPageTest" name="testLoginWithInvalidUserName" time="9.333"/>
  <system-out/>
  <testcase classname="com.acti.testcase.LoginPageTest" name="testLoginWithInvalidUserName" time="11.551"/>
  <system-out/>
</testsuite> <!-- com.acti.testcase.LoginPageTest -->
